<?xml version="1.0" encoding="UTF-8"?>
<testsuite xmlns:xsi="http://www.w3.org/2001/XMLSchema-instance" xsi:noNamespaceSchemaLocation="https://maven.apache.org/surefire/maven-surefire-plugin/xsd/surefire-test-report.xsd" name="com.feather.algebraback.AlgebraBackApplicationTests" time="7.002" tests="2" errors="0" skipped="0" failures="0">
  <properties>
[...]
</properties>
  <testcase name="test" classname="com.feather.algebraback.AlgebraBackApplicationTests" time="2.492"/>
  <testcase name="ThreadTest" classname="com.feather.algebraback.AlgebraBackApplicationTests" time="0.016"/>
</testsuite>